<?xml version='1.0' encoding='UTF-8'?>
<testsuite hostname="SURFACE-GJERT" name="AccountTransferTests" tests="6" errors="0" failures="0" skipped="0" time="53.104" timestamp="2022-11-21T15:29:33">
          <properties>
[...]
</properties>
          <testcase classname="AccountTransferTests" name="Test 07: Valid transfer between accounts" time="0.125">
                      
                    </testcase><testcase classname="AccountTransferTests" name="Test 08: Transfer of negative amount between accounts should fail" time="0.11">
                      
                    </testcase><testcase classname="AccountTransferTests" name="Test 09: Invalid transfer between accounts due to insufficient funds should lead to transaction status FAILED and no money should be transferred between accounts" time="0.109">
                      
                    </testcase><testcase classname="AccountTransferTests" name="Test 10: Correct balance amounts after several transfers" time="3.288">
                      
                    </testcase><testcase classname="AccountTransferTests" name="Test 11: Failed transactions should retry and potentially succeed with multiple allowed attempts" time="27.489">
                      
                    </testcase><testcase classname="AccountTransferTests" name="Test 12: Some transactions should be stopped with only one allowed attempt" time="21.983">
                      
                    </testcase>
          <system-out><![CDATA[]]></system-out>
          <system-err><![CDATA[]]></system-err>
        </testsuite>